<?xml version="1.0" encoding="UTF-8"?>
<testsuite name="co.com.torneo.domain.usecase.CrearTorneoUseCaseTest" tests="4" skipped="0" failures="0" errors="0" timestamp="2025-08-13T03:35:05" hostname="NATHALY-LOZANO" time="5.092">
  <properties/>
  <testcase name="crearTorneoGratuito_MaximoAlcanzado()" classname="co.com.torneo.domain.usecase.CrearTorneoUseCaseTest" time="5.063"/>
  <testcase name="crearTorneoGratuito_Exitoso()" classname="co.com.torneo.domain.usecase.CrearTorneoUseCaseTest" time="0.012"/>
  <testcase name="crearTorneoPagado_PrecioInvalido()" classname="co.com.torneo.domain.usecase.CrearTorneoUseCaseTest" time="0.004"/>
  <testcase name="crearTorneoPagado_Exitoso()" classname="co.com.torneo.domain.usecase.CrearTorneoUseCaseTest" time="0.007"/>
  <system-out><![CDATA[]]></system-out>
  <system-err><![CDATA[]]></system-err>
</testsuite>
